{"D:\\DH\\MochilaViajante\\Certified Tech Developer\\4Bimestre\\QA\\Aula 15\\Exemplo2\\util.js": {"path":"D:\\DH\\MochilaViajante\\Certified Tech Developer\\4Bimestre\\QA\\Aula 15\\Exemplo2\\util.js","statementMap":{"0":{"start":{"line":1,"column":16},"end":{"line":9,"column":1}},"1":{"start":{"line":10,"column":13},"end":{"line":18,"column":1}},"2":{"start":{"line":20,"column":14},"end":{"line":25,"column":1}},"3":{"start":{"line":27,"column":0},"end":{"line":27,"column":35}},"4":{"start":{"line":27,"column":27},"end":{"line":27,"column":34}},"5":{"start":{"line":28,"column":0},"end":{"line":28,"column":29}},"6":{"start":{"line":28,"column":24},"end":{"line":28,"column":28}},"7":{"start":{"line":29,"column":0},"end":{"line":29,"column":33}},"8":{"start":{"line":29,"column":26},"end":{"line":29,"column":32}}},"fnMap":{"0":{"name":"(anonymous_0)","decl":{"start":{"line":27,"column":21},"end":{"line":27,"column":22}},"loc":{"start":{"line":27,"column":27},"end":{"line":27,"column":34}},"line":27},"1":{"name":"(anonymous_1)","decl":{"start":{"line":28,"column":18},"end":{"line":28,"column":19}},"loc":{"start":{"line":28,"column":24},"end":{"line":28,"column":28}},"line":28},"2":{"name":"(anonymous_2)","decl":{"start":{"line":29,"column":20},"end":{"line":29,"column":21}},"loc":{"start":{"line":29,"column":26},"end":{"line":29,"column":32}},"line":29}},"branchMap":{},"s":{"0":1,"1":1,"2":1,"3":1,"4":1,"5":1,"6":1,"7":1,"8":0},"f":{"0":1,"1":1,"2":0},"b":{},"_coverageSchema":"1a1c01bbd47fc00a2c39e90264f33305004495a9","hash":"e7c2b04eaa399b29b59d09549bdb42ee640b0a61"}
}
